The system is: Darwin - 19.6.0 - x86_64
Compiling the Swift compiler identification source file "CompilerId/main.swift" succeeded.
Compiler: /usr/bin/swiftc 
Build flags: 
Id flags:  

The output was:
0


Compilation of the Swift compiler identification source "CompilerId/main.swift" produced "main"

Compiling the Swift compiler identification source file "CompilerId/main.swift" succeeded.
Compiler: /usr/bin/swiftc 
Build flags: 
Id flags:  

The output was:
0


Compilation of the Swift compiler identification source "CompilerId/main.swift" produced "main"

Running the Swift compiler: "/usr/bin/swiftc" -version
Swift version 5.3-dev (LLVM 5a342fdfac, Swift 3a4fe71ab2)
Target: x86_64-apple-darwin19.6.0

Determining if the Swift compiler works passed with the following output:
Change Dir: /Users/ayush517/swift-models/swift-protobuf-prefix/src/swift-protobuf-build/CMakeFiles/CMakeTmp

Run Build Command(s):/usr/local/bin/ninja cmTC_62e44 && [1/1] Linking Swift executable cmTC_62e44



